 
****************************************
Report : area
Design : sqroot_comb_NBITS16
Version: F-2011.09-SP5
Date   : Mon Nov 12 16:15:20 2012
****************************************

Library(s) Used:

    c35_CORELIB (File: /dkits/ams/hk370/synopsys/c35_3.3V/c35_CORELIB.db)

Number of ports:                           26
Number of nets:                           884
Number of cells:                          860
Number of combinational cells:            859
Number of sequential cells:                 0
Number of macros:                           0
Number of buf/inv:                        346
Number of references:                      79

Combinational area:       78423.799995
Noncombinational area:       0.000000
Net Interconnect area:    15570.000000 

Total cell area:          78423.799995
Total area:               93993.799995
1
