 
****************************************
Report : area
Design : sqroot_comb_NBITS8
Version: F-2011.09-SP5
Date   : Sun Nov 11 23:00:31 2012
****************************************

Library(s) Used:

    c35_CORELIB (File: /dkits/ams/hk370/synopsys/c35_3.3V/c35_CORELIB.db)

Number of ports:                           14
Number of nets:                           120
Number of cells:                          104
Number of combinational cells:            104
Number of sequential cells:                 0
Number of macros:                           0
Number of buf/inv:                         24
Number of references:                      21

Combinational area:       8717.799950
Noncombinational area:       0.000000
Net Interconnect area:    2043.000000  

Total cell area:          8717.799950
Total area:               10760.799950
1
