 
****************************************
Report : reference
Design : sqroot_comb_NBITS32
Version: F-2011.09-SP5
Date   : Mon Nov 12 22:34:41 2012
****************************************

Attributes:
    b - black box (unknown)
   bo - allows boundary optimization
    d - dont_touch
   mo - map_only
    h - hierarchical
    n - noncombinational
    r - removable
    s - synthetic operator
    u - contains unmapped logic

Reference          Library       Unit Area   Count    Total Area   Attributes
-----------------------------------------------------------------------------
AOI210             c35_CORELIB    72.800003       1    72.800003  
AOI211             c35_CORELIB    72.800003       5   364.000015  
AOI212             c35_CORELIB    91.000000      19  1729.000000  
AOI220             c35_CORELIB    91.000000       1    91.000000  
AOI221             c35_CORELIB    91.000000       2   182.000000  
AOI222             c35_CORELIB   109.199997      12  1310.399963  
AOI311             c35_CORELIB    91.000000       3   273.000000  
AOI312             c35_CORELIB   109.199997      14  1528.799957  
AOI2111            c35_CORELIB    91.000000       3   273.000000  
AOI2112            c35_CORELIB   127.400002      14  1783.600021  
BUF2               c35_CORELIB    54.599998      81  4422.599876  
BUF4               c35_CORELIB    72.800003       1    72.800003  
BUF6               c35_CORELIB    72.800003       8   582.400024  
BUF12              c35_CORELIB   109.199997       9   982.799973  
BUF15              c35_CORELIB   145.600006      27  3931.200165  
CLKBU4             c35_CORELIB    72.800003       2   145.600006  
CLKBU8             c35_CORELIB    91.000000       3   273.000000  
CLKBU12            c35_CORELIB   109.199997       4   436.799988  
CLKBU15            c35_CORELIB   145.600006       8  1164.800049  
CLKIN0             c35_CORELIB    36.400002      28  1019.200043  
CLKIN1             c35_CORELIB    36.400002       9   327.600014  
CLKIN2             c35_CORELIB    36.400002      12   436.800018  
CLKIN3             c35_CORELIB    36.400002      83  3021.200127  
CLKIN4             c35_CORELIB    54.599998      16   873.599976  
CLKIN6             c35_CORELIB    54.599998      91  4968.599861  
CLKIN8             c35_CORELIB    72.800003      11   800.800034  
CLKIN10            c35_CORELIB    91.000000       7   637.000000  
CLKIN12            c35_CORELIB    91.000000      27  2457.000000  
CLKIN15            c35_CORELIB   109.199997      10  1091.999969  
IMUX20             c35_CORELIB    91.000000       9   819.000000  
IMUX21             c35_CORELIB    91.000000       4   364.000000  
IMUX22             c35_CORELIB   145.600006      11  1601.600067  
IMUX23             c35_CORELIB   145.600006       5   728.000031  
IMUX24             c35_CORELIB   182.000000      13  2366.000000  
INV0               c35_CORELIB    36.400002      40  1456.000061  
INV1               c35_CORELIB    36.400002      32  1164.800049  
INV2               c35_CORELIB    36.400002      45  1638.000069  
INV3               c35_CORELIB    36.400002     113  4113.200172  
INV4               c35_CORELIB    54.599998      30  1637.999954  
INV6               c35_CORELIB    54.599998     118  6442.799820  
INV8               c35_CORELIB    72.800003      23  1674.400070  
INV10              c35_CORELIB    91.000000      16  1456.000000  
INV12              c35_CORELIB    91.000000      45  4095.000000  
INV15              c35_CORELIB   109.199997      26  2839.199921  
LOGIC0             c35_CORELIB    36.400002       1    36.400002  
LOGIC1             c35_CORELIB    36.400002       1    36.400002  
MUX21              c35_CORELIB   109.199997      24  2620.799927  
MUX22              c35_CORELIB   109.199997       6   655.199982  
MUX24              c35_CORELIB   182.000000      17  3094.000000  
MUX26              c35_CORELIB   182.000000      16  2912.000000  
NAND20             c35_CORELIB    54.599998      17   928.199974  
NAND21             c35_CORELIB    54.599998      44  2402.399933  
NAND22             c35_CORELIB    54.599998     195 10646.999702  
NAND23             c35_CORELIB    91.000000      65  5915.000000  
NAND24             c35_CORELIB   109.199997     144 15724.799561  
NAND26             c35_CORELIB   163.800003      96 15724.800293  
NAND28             c35_CORELIB   182.000000     113 20566.000000  
NAND30             c35_CORELIB    72.800003       1    72.800003  
NAND31             c35_CORELIB    72.800003       5   364.000015  
NAND32             c35_CORELIB   127.400002       6   764.400009  
NAND33             c35_CORELIB   127.400002      13  1656.200020  
NAND34             c35_CORELIB   163.800003      10  1638.000031  
NAND41             c35_CORELIB    91.000000       1    91.000000  
NAND43             c35_CORELIB   200.199997       5  1000.999985  
NOR20              c35_CORELIB    54.599998       2   109.199997  
NOR21              c35_CORELIB    54.599998       3   163.799995  
NOR22              c35_CORELIB    72.800003       8   582.400024  
NOR23              c35_CORELIB    91.000000      11  1001.000000  
NOR24              c35_CORELIB   109.199997      32  3494.399902  
NOR30              c35_CORELIB    72.800003       1    72.800003  
NOR31              c35_CORELIB    72.800003       2   145.600006  
NOR32              c35_CORELIB    91.000000       8   728.000000  
NOR33              c35_CORELIB   127.400002      12  1528.800018  
NOR40              c35_CORELIB    72.800003       1    72.800003  
NOR41              c35_CORELIB    91.000000       3   273.000000  
NOR42              c35_CORELIB   163.800003      17  2784.600052  
OAI210             c35_CORELIB    72.800003       5   364.000015  
OAI211             c35_CORELIB    72.800003      11   800.800034  
OAI212             c35_CORELIB    72.800003     107  7789.600327  
OAI221             c35_CORELIB    91.000000       5   455.000000  
OAI222             c35_CORELIB    91.000000      41  3731.000000  
OAI310             c35_CORELIB    91.000000       1    91.000000  
OAI311             c35_CORELIB    91.000000       2   182.000000  
OAI312             c35_CORELIB   109.199997       9   982.799973  
OAI2112            c35_CORELIB   145.600006      10  1456.000061  
XNR20              c35_CORELIB   109.199997       7   764.399979  
XNR21              c35_CORELIB   109.199997      15  1637.999954  
XNR22              c35_CORELIB   200.199997      51 10210.199844  
XOR20              c35_CORELIB   127.400002       1   127.400002  
XOR21              c35_CORELIB   127.400002       3   382.200005  
XOR22              c35_CORELIB   200.199997      21  4204.199936  
XOR31              c35_CORELIB   200.199997       2   400.399994  
sqroot_comb_NBITS32_DW01_inc_3  5004.999992       1  5004.999992  h
sqroot_comb_NBITS32_DW01_sub_28 18600.399956       1 18600.399956 h
sqroot_comb_NBITS32_DW01_sub_31 14487.199974       1 14487.199974 h
sqroot_comb_NBITS32_DW01_sub_32 15069.599983       1 15069.599983 h
sqroot_comb_NBITS32_DW01_sub_39 16325.400017       1 16325.400017 h
sqroot_comb_NBITS32_DW01_sub_43 17981.599968       1 17981.599968 h
sqroot_comb_NBITS32_DW01_sub_69 16270.799973       1 16270.799973 h
sqroot_comb_NBITS32_DW_cmp_45  5496.399994       1   5496.399994  h
sqroot_comb_NBITS32_DW_cmp_47  7443.799965       1   7443.799965  h
sqroot_comb_NBITS32_DW_cmp_48  7516.599991       1   7516.599991  h
sqroot_comb_NBITS32_DW_cmp_49  6115.200020       1   6115.200020  h
sqroot_comb_NBITS32_DW_cmp_50  8954.399956       1   8954.399956  h
-----------------------------------------------------------------------------
Total 104 references                                338301.599648

****************************************
Design: sqroot_comb_NBITS32_DW01_inc_3 
****************************************
Reference          Library       Unit Area   Count    Total Area   Attributes
-----------------------------------------------------------------------------
CLKIN0             c35_CORELIB    36.400002       5   182.000008  
CLKIN1             c35_CORELIB    36.400002       2    72.800003  
INV0               c35_CORELIB    36.400002       5   182.000008  
INV1               c35_CORELIB    36.400002       2    72.800003  
INV2               c35_CORELIB    36.400002       2    72.800003  
INV3               c35_CORELIB    36.400002      10   364.000015  
INV6               c35_CORELIB    54.599998       1    54.599998  
NAND20             c35_CORELIB    54.599998       9   491.399986  
NAND21             c35_CORELIB    54.599998       1    54.599998  
NAND22             c35_CORELIB    54.599998      13   709.799980  
NOR20              c35_CORELIB    54.599998       3   163.799995  
NOR21              c35_CORELIB    54.599998      13   709.799980  
XNR20              c35_CORELIB   109.199997       1   109.199997  
XNR21              c35_CORELIB   109.199997       1   109.199997  
XOR21              c35_CORELIB   127.400002      13  1656.200020  
-----------------------------------------------------------------------------
Total 15 references                                  5004.999992

****************************************
Design: sqroot_comb_NBITS32_DW01_sub_28 
****************************************
Reference          Library       Unit Area   Count    Total Area   Attributes
-----------------------------------------------------------------------------
AOI211             c35_CORELIB    72.800003       6   436.800018  
AOI212             c35_CORELIB    91.000000       6   546.000000  
BUF2               c35_CORELIB    54.599998       4   218.399994  
CLKBU15            c35_CORELIB   145.600006       1   145.600006  
CLKIN0             c35_CORELIB    36.400002       3   109.200005  
CLKIN2             c35_CORELIB    36.400002       1    36.400002  
CLKIN3             c35_CORELIB    36.400002       6   218.400009  
CLKIN4             c35_CORELIB    54.599998       2   109.199997  
CLKIN6             c35_CORELIB    54.599998       4   218.399994  
CLKIN12            c35_CORELIB    91.000000       2   182.000000  
INV0               c35_CORELIB    36.400002       7   254.800011  
INV1               c35_CORELIB    36.400002       7   254.800011  
INV2               c35_CORELIB    36.400002       6   218.400009  
INV3               c35_CORELIB    36.400002      22   800.800034  
INV4               c35_CORELIB    54.599998       3   163.799995  
INV6               c35_CORELIB    54.599998       7   382.199989  
INV8               c35_CORELIB    72.800003       1    72.800003  
INV10              c35_CORELIB    91.000000       1    91.000000  
INV12              c35_CORELIB    91.000000       1    91.000000  
NAND20             c35_CORELIB    54.599998       6   327.599991  
NAND21             c35_CORELIB    54.599998      12   655.199982  
NAND22             c35_CORELIB    54.599998      12   655.199982  
NAND23             c35_CORELIB    91.000000       5   455.000000  
NAND24             c35_CORELIB   109.199997      10  1091.999969  
NAND26             c35_CORELIB   163.800003       3   491.400009  
NAND28             c35_CORELIB   182.000000       4   728.000000  
NOR20              c35_CORELIB    54.599998       6   327.599991  
NOR21              c35_CORELIB    54.599998      12   655.199982  
NOR22              c35_CORELIB    72.800003       2   145.600006  
NOR23              c35_CORELIB    91.000000       6   546.000000  
NOR24              c35_CORELIB   109.199997      15  1637.999954  
OAI211             c35_CORELIB    72.800003       8   582.400024  
OAI212             c35_CORELIB    72.800003      20  1456.000061  
XNR20              c35_CORELIB   109.199997       1   109.199997  
XNR21              c35_CORELIB   109.199997      11  1201.199966  
XNR22              c35_CORELIB   200.199997      10  2001.999969  
XOR20              c35_CORELIB   127.400002       1   127.400002  
XOR21              c35_CORELIB   127.400002       2   254.800003  
XOR22              c35_CORELIB   200.199997       3   600.599991  
-----------------------------------------------------------------------------
Total 39 references                                 18600.399956

****************************************
Design: sqroot_comb_NBITS32_DW01_sub_31 
****************************************
Reference          Library       Unit Area   Count    Total Area   Attributes
-----------------------------------------------------------------------------
AOI210             c35_CORELIB    72.800003       2   145.600006  
AOI211             c35_CORELIB    72.800003       2   145.600006  
AOI212             c35_CORELIB    91.000000      10   910.000000  
BUF2               c35_CORELIB    54.599998       7   382.199989  
BUF6               c35_CORELIB    72.800003       1    72.800003  
BUF15              c35_CORELIB   145.600006       1   145.600006  
CLKIN0             c35_CORELIB    36.400002       5   182.000008  
CLKIN2             c35_CORELIB    36.400002       2    72.800003  
CLKIN3             c35_CORELIB    36.400002       3   109.200005  
CLKIN6             c35_CORELIB    54.599998       3   163.799995  
INV0               c35_CORELIB    36.400002       5   182.000008  
INV1               c35_CORELIB    36.400002       3   109.200005  
INV2               c35_CORELIB    36.400002       4   145.600006  
INV3               c35_CORELIB    36.400002      17   618.800026  
INV4               c35_CORELIB    54.599998       2   109.199997  
INV6               c35_CORELIB    54.599998       4   218.399994  
INV8               c35_CORELIB    72.800003       2   145.600006  
INV10              c35_CORELIB    91.000000       1    91.000000  
INV12              c35_CORELIB    91.000000       1    91.000000  
NAND20             c35_CORELIB    54.599998      13   709.799980  
NAND21             c35_CORELIB    54.599998       5   272.999992  
NAND22             c35_CORELIB    54.599998       9   491.399986  
NAND23             c35_CORELIB    91.000000       4   364.000000  
NAND24             c35_CORELIB   109.199997       6   655.199982  
NAND26             c35_CORELIB   163.800003       2   327.600006  
NAND28             c35_CORELIB   182.000000       2   364.000000  
NOR20              c35_CORELIB    54.599998       2   109.199997  
NOR21              c35_CORELIB    54.599998       2   109.199997  
NOR22              c35_CORELIB    72.800003      10   728.000031  
NOR23              c35_CORELIB    91.000000       7   637.000000  
NOR24              c35_CORELIB   109.199997      11  1201.199966  
OAI210             c35_CORELIB    72.800003       1    72.800003  
OAI211             c35_CORELIB    72.800003       1    72.800003  
OAI212             c35_CORELIB    72.800003       7   509.600021  
XNR20              c35_CORELIB   109.199997       1   109.199997  
XNR21              c35_CORELIB   109.199997       3   327.599991  
XNR22              c35_CORELIB   200.199997       2   400.399994  
XOR21              c35_CORELIB   127.400002       3   382.200005  
XOR22              c35_CORELIB   200.199997      13  2602.599960  
-----------------------------------------------------------------------------
Total 39 references                                 14487.199974

****************************************
Design: sqroot_comb_NBITS32_DW01_sub_32 
****************************************
Reference          Library       Unit Area   Count    Total Area   Attributes
-----------------------------------------------------------------------------
AOI211             c35_CORELIB    72.800003       7   509.600021  
AOI212             c35_CORELIB    91.000000      12  1092.000000  
BUF2               c35_CORELIB    54.599998      10   545.999985  
BUF15              c35_CORELIB   145.600006       1   145.600006  
CLKBU15            c35_CORELIB   145.600006       1   145.600006  
CLKIN0             c35_CORELIB    36.400002       3   109.200005  
CLKIN3             c35_CORELIB    36.400002       3   109.200005  
CLKIN4             c35_CORELIB    54.599998       1    54.599998  
CLKIN6             c35_CORELIB    54.599998       2   109.199997  
CLKIN8             c35_CORELIB    72.800003       1    72.800003  
CLKIN10            c35_CORELIB    91.000000       1    91.000000  
CLKIN12            c35_CORELIB    91.000000       1    91.000000  
INV0               c35_CORELIB    36.400002       6   218.400009  
INV1               c35_CORELIB    36.400002       8   291.200012  
INV2               c35_CORELIB    36.400002       7   254.800011  
INV3               c35_CORELIB    36.400002      21   764.400032  
INV6               c35_CORELIB    54.599998      13   709.799980  
INV12              c35_CORELIB    91.000000       1    91.000000  
NAND20             c35_CORELIB    54.599998       5   272.999992  
NAND21             c35_CORELIB    54.599998       5   272.999992  
NAND22             c35_CORELIB    54.599998      13   709.799980  
NAND23             c35_CORELIB    91.000000       5   455.000000  
NAND24             c35_CORELIB   109.199997       9   982.799973  
NAND26             c35_CORELIB   163.800003       3   491.400009  
NAND28             c35_CORELIB   182.000000       4   728.000000  
NOR21              c35_CORELIB    54.599998       3   163.799995  
NOR22              c35_CORELIB    72.800003       3   218.400009  
NOR23              c35_CORELIB    91.000000       5   455.000000  
NOR24              c35_CORELIB   109.199997      11  1201.199966  
OAI210             c35_CORELIB    72.800003       2   145.600006  
OAI211             c35_CORELIB    72.800003       1    72.800003  
OAI212             c35_CORELIB    72.800003       8   582.400024  
XNR20              c35_CORELIB   109.199997       1   109.199997  
XNR21              c35_CORELIB   109.199997       2   218.399994  
XNR22              c35_CORELIB   200.199997       4   800.799988  
XOR21              c35_CORELIB   127.400002       3   382.200005  
XOR22              c35_CORELIB   200.199997       7  1401.399979  
-----------------------------------------------------------------------------
Total 37 references                                 15069.599983

****************************************
Design: sqroot_comb_NBITS32_DW01_sub_39 
****************************************
Reference          Library       Unit Area   Count    Total Area   Attributes
-----------------------------------------------------------------------------
AOI210             c35_CORELIB    72.800003       1    72.800003  
AOI211             c35_CORELIB    72.800003       7   509.600021  
AOI212             c35_CORELIB    91.000000       7   637.000000  
BUF2               c35_CORELIB    54.599998      10   545.999985  
CLKBU15            c35_CORELIB   145.600006       1   145.600006  
CLKIN0             c35_CORELIB    36.400002       6   218.400009  
CLKIN2             c35_CORELIB    36.400002       1    36.400002  
CLKIN3             c35_CORELIB    36.400002       1    36.400002  
CLKIN4             c35_CORELIB    54.599998       1    54.599998  
CLKIN6             c35_CORELIB    54.599998       2   109.199997  
INV0               c35_CORELIB    36.400002       7   254.800011  
INV1               c35_CORELIB    36.400002       6   218.400009  
INV2               c35_CORELIB    36.400002       8   291.200012  
INV3               c35_CORELIB    36.400002      21   764.400032  
INV4               c35_CORELIB    54.599998       1    54.599998  
INV6               c35_CORELIB    54.599998       2   109.199997  
INV8               c35_CORELIB    72.800003       3   218.400009  
INV15              c35_CORELIB   109.199997       1   109.199997  
NAND20             c35_CORELIB    54.599998       6   327.599991  
NAND21             c35_CORELIB    54.599998      10   545.999985  
NAND22             c35_CORELIB    54.599998      15   818.999977  
NAND23             c35_CORELIB    91.000000       8   728.000000  
NAND24             c35_CORELIB   109.199997       9   982.799973  
NAND26             c35_CORELIB   163.800003       5   819.000015  
NAND28             c35_CORELIB   182.000000       2   364.000000  
NOR20              c35_CORELIB    54.599998       1    54.599998  
NOR21              c35_CORELIB    54.599998       6   327.599991  
NOR22              c35_CORELIB    72.800003       3   218.400009  
NOR23              c35_CORELIB    91.000000       7   637.000000  
NOR24              c35_CORELIB   109.199997      12  1310.399963  
OAI210             c35_CORELIB    72.800003       1    72.800003  
OAI211             c35_CORELIB    72.800003       8   582.400024  
OAI212             c35_CORELIB    72.800003      13   946.400040  
XNR20              c35_CORELIB   109.199997       1   109.199997  
XNR21              c35_CORELIB   109.199997       6   655.199982  
XNR22              c35_CORELIB   200.199997       6  1201.199982  
XOR20              c35_CORELIB   127.400002       1   127.400002  
XOR21              c35_CORELIB   127.400002       4   509.600006  
XOR22              c35_CORELIB   200.199997       3   600.599991  
-----------------------------------------------------------------------------
Total 39 references                                 16325.400017

****************************************
Design: sqroot_comb_NBITS32_DW01_sub_43 
****************************************
Reference          Library       Unit Area   Count    Total Area   Attributes
-----------------------------------------------------------------------------
AOI210             c35_CORELIB    72.800003       2   145.600006  
AOI211             c35_CORELIB    72.800003       3   218.400009  
AOI212             c35_CORELIB    91.000000       7   637.000000  
BUF2               c35_CORELIB    54.599998       3   163.799995  
BUF15              c35_CORELIB   145.600006       1   145.600006  
CLKIN0             c35_CORELIB    36.400002       5   182.000008  
CLKIN1             c35_CORELIB    36.400002       1    36.400002  
CLKIN2             c35_CORELIB    36.400002       1    36.400002  
CLKIN3             c35_CORELIB    36.400002       5   182.000008  
CLKIN4             c35_CORELIB    54.599998       1    54.599998  
CLKIN6             c35_CORELIB    54.599998       2   109.199997  
INV0               c35_CORELIB    36.400002      12   436.800018  
INV1               c35_CORELIB    36.400002       2    72.800003  
INV2               c35_CORELIB    36.400002       8   291.200012  
INV3               c35_CORELIB    36.400002      18   655.200027  
INV4               c35_CORELIB    54.599998       2   109.199997  
INV6               c35_CORELIB    54.599998       3   163.799995  
INV15              c35_CORELIB   109.199997       1   109.199997  
NAND20             c35_CORELIB    54.599998       7   382.199989  
NAND21             c35_CORELIB    54.599998       6   327.599991  
NAND22             c35_CORELIB    54.599998      29  1583.399956  
NAND23             c35_CORELIB    91.000000      10   910.000000  
NAND24             c35_CORELIB   109.199997       4   436.799988  
NAND26             c35_CORELIB   163.800003       4   655.200012  
NAND28             c35_CORELIB   182.000000       1   182.000000  
NOR20              c35_CORELIB    54.599998       1    54.599998  
NOR21              c35_CORELIB    54.599998       8   436.799988  
NOR22              c35_CORELIB    72.800003       7   509.600021  
NOR23              c35_CORELIB    91.000000       9   819.000000  
NOR24              c35_CORELIB   109.199997      15  1637.999954  
OAI211             c35_CORELIB    72.800003       5   364.000015  
OAI212             c35_CORELIB    72.800003      15  1092.000046  
XNR20              c35_CORELIB   109.199997       1   109.199997  
XNR21              c35_CORELIB   109.199997      10  1091.999969  
XNR22              c35_CORELIB   200.199997      12  2402.399963  
XOR20              c35_CORELIB   127.400002       3   382.200005  
XOR21              c35_CORELIB   127.400002       2   254.800003  
XOR22              c35_CORELIB   200.199997       3   600.599991  
-----------------------------------------------------------------------------
Total 38 references                                 17981.599968

****************************************
Design: sqroot_comb_NBITS32_DW01_sub_69 
****************************************
Reference          Library       Unit Area   Count    Total Area   Attributes
-----------------------------------------------------------------------------
AOI210             c35_CORELIB    72.800003       1    72.800003  
AOI211             c35_CORELIB    72.800003       4   291.200012  
AOI212             c35_CORELIB    91.000000       7   637.000000  
BUF2               c35_CORELIB    54.599998       1    54.599998  
BUF6               c35_CORELIB    72.800003       1    72.800003  
CLKBU15            c35_CORELIB   145.600006       1   145.600006  
CLKIN0             c35_CORELIB    36.400002       5   182.000008  
CLKIN1             c35_CORELIB    36.400002       1    36.400002  
CLKIN2             c35_CORELIB    36.400002       1    36.400002  
CLKIN3             c35_CORELIB    36.400002       3   109.200005  
CLKIN6             c35_CORELIB    54.599998       2   109.199997  
CLKIN12            c35_CORELIB    91.000000       1    91.000000  
INV0               c35_CORELIB    36.400002      14   509.600021  
INV1               c35_CORELIB    36.400002       6   218.400009  
INV2               c35_CORELIB    36.400002       4   145.600006  
INV3               c35_CORELIB    36.400002      17   618.800026  
INV4               c35_CORELIB    54.599998       1    54.599998  
INV6               c35_CORELIB    54.599998       4   218.399994  
INV8               c35_CORELIB    72.800003       1    72.800003  
NAND20             c35_CORELIB    54.599998       4   218.399994  
NAND21             c35_CORELIB    54.599998      11   600.599983  
NAND22             c35_CORELIB    54.599998      23  1255.799965  
NAND23             c35_CORELIB    91.000000       6   546.000000  
NAND24             c35_CORELIB   109.199997       7   764.399979  
NAND26             c35_CORELIB   163.800003       2   327.600006  
NOR20              c35_CORELIB    54.599998       2   109.199997  
NOR21              c35_CORELIB    54.599998       6   327.599991  
NOR22              c35_CORELIB    72.800003       4   291.200012  
NOR23              c35_CORELIB    91.000000       7   637.000000  
NOR24              c35_CORELIB   109.199997      17  1856.399948  
OAI210             c35_CORELIB    72.800003       2   145.600006  
OAI211             c35_CORELIB    72.800003       5   364.000015  
OAI212             c35_CORELIB    72.800003      13   946.400040  
OAI2112            c35_CORELIB   145.600006       1   145.600006  
XNR20              c35_CORELIB   109.199997       1   109.199997  
XNR21              c35_CORELIB   109.199997       7   764.399979  
XNR22              c35_CORELIB   200.199997      11  2202.199966  
XOR20              c35_CORELIB   127.400002       2   254.800003  
XOR21              c35_CORELIB   127.400002       1   127.400002  
XOR22              c35_CORELIB   200.199997       3   600.599991  
-----------------------------------------------------------------------------
Total 40 references                                 16270.799973

****************************************
Design: sqroot_comb_NBITS32_DW_cmp_45 
****************************************
Reference          Library       Unit Area   Count    Total Area   Attributes
-----------------------------------------------------------------------------
AOI212             c35_CORELIB    91.000000       4   364.000000  
CLKIN0             c35_CORELIB    36.400002       1    36.400002  
CLKIN3             c35_CORELIB    36.400002       1    36.400002  
INV0               c35_CORELIB    36.400002       2    72.800003  
INV2               c35_CORELIB    36.400002       2    72.800003  
INV3               c35_CORELIB    36.400002       6   218.400009  
INV4               c35_CORELIB    54.599998       1    54.599998  
INV6               c35_CORELIB    54.599998       3   163.799995  
NAND20             c35_CORELIB    54.599998       2   109.199997  
NAND21             c35_CORELIB    54.599998       5   272.999992  
NAND22             c35_CORELIB    54.599998       5   272.999992  
NAND23             c35_CORELIB    91.000000       2   182.000000  
NAND24             c35_CORELIB   109.199997       2   218.399994  
NAND26             c35_CORELIB   163.800003       3   491.400009  
NOR21              c35_CORELIB    54.599998       4   218.399994  
NOR22              c35_CORELIB    72.800003       4   291.200012  
NOR23              c35_CORELIB    91.000000       7   637.000000  
NOR24              c35_CORELIB   109.199997      11  1201.199966  
OAI211             c35_CORELIB    72.800003       1    72.800003  
OAI212             c35_CORELIB    72.800003       7   509.600021  
-----------------------------------------------------------------------------
Total 20 references                                  5496.399994

****************************************
Design: sqroot_comb_NBITS32_DW_cmp_47 
****************************************
Reference          Library       Unit Area   Count    Total Area   Attributes
-----------------------------------------------------------------------------
AOI212             c35_CORELIB    91.000000       6   546.000000  
CLKIN4             c35_CORELIB    54.599998       1    54.599998  
CLKIN6             c35_CORELIB    54.599998       3   163.799995  
INV0               c35_CORELIB    36.400002       3   109.200005  
INV1               c35_CORELIB    36.400002       1    36.400002  
INV3               c35_CORELIB    36.400002      13   473.200020  
INV6               c35_CORELIB    54.599998       3   163.799995  
INV12              c35_CORELIB    91.000000       1    91.000000  
NAND20             c35_CORELIB    54.599998       1    54.599998  
NAND21             c35_CORELIB    54.599998       3   163.799995  
NAND22             c35_CORELIB    54.599998       6   327.599991  
NAND23             c35_CORELIB    91.000000       3   273.000000  
NAND24             c35_CORELIB   109.199997       5   545.999985  
NAND26             c35_CORELIB   163.800003       3   491.400009  
NAND28             c35_CORELIB   182.000000       3   546.000000  
NOR21              c35_CORELIB    54.599998       3   163.799995  
NOR22              c35_CORELIB    72.800003       4   291.200012  
NOR23              c35_CORELIB    91.000000       2   182.000000  
NOR24              c35_CORELIB   109.199997      20  2183.999939  
OAI212             c35_CORELIB    72.800003       8   582.400024  
-----------------------------------------------------------------------------
Total 20 references                                  7443.799965

****************************************
Design: sqroot_comb_NBITS32_DW_cmp_48 
****************************************
Reference          Library       Unit Area   Count    Total Area   Attributes
-----------------------------------------------------------------------------
AOI212             c35_CORELIB    91.000000       4   364.000000  
AOI222             c35_CORELIB   109.199997       1   109.199997  
CLKIN0             c35_CORELIB    36.400002       1    36.400002  
CLKIN1             c35_CORELIB    36.400002       1    36.400002  
CLKIN3             c35_CORELIB    36.400002       1    36.400002  
CLKIN6             c35_CORELIB    54.599998       6   327.599991  
INV0               c35_CORELIB    36.400002       3   109.200005  
INV2               c35_CORELIB    36.400002       1    36.400002  
INV3               c35_CORELIB    36.400002      16   582.400024  
INV4               c35_CORELIB    54.599998       1    54.599998  
INV6               c35_CORELIB    54.599998       1    54.599998  
NAND21             c35_CORELIB    54.599998       7   382.199989  
NAND22             c35_CORELIB    54.599998       5   272.999992  
NAND23             c35_CORELIB    91.000000       6   546.000000  
NAND24             c35_CORELIB   109.199997       7   764.399979  
NOR21              c35_CORELIB    54.599998       1    54.599998  
NOR22              c35_CORELIB    72.800003       9   655.200027  
NOR23              c35_CORELIB    91.000000      10   910.000000  
NOR24              c35_CORELIB   109.199997      14  1528.799957  
OAI212             c35_CORELIB    72.800003       9   655.200027  
-----------------------------------------------------------------------------
Total 20 references                                  7516.599991

****************************************
Design: sqroot_comb_NBITS32_DW_cmp_49 
****************************************
Reference          Library       Unit Area   Count    Total Area   Attributes
-----------------------------------------------------------------------------
AOI212             c35_CORELIB    91.000000       4   364.000000  
CLKIN0             c35_CORELIB    36.400002       2    72.800003  
CLKIN2             c35_CORELIB    36.400002       1    36.400002  
CLKIN3             c35_CORELIB    36.400002       1    36.400002  
INV0               c35_CORELIB    36.400002       2    72.800003  
INV3               c35_CORELIB    36.400002       8   291.200012  
INV6               c35_CORELIB    54.599998       2   109.199997  
NAND21             c35_CORELIB    54.599998       7   382.199989  
NAND22             c35_CORELIB    54.599998       4   218.399994  
NAND23             c35_CORELIB    91.000000       3   273.000000  
NAND24             c35_CORELIB   109.199997       2   218.399994  
NAND26             c35_CORELIB   163.800003       3   491.400009  
NAND28             c35_CORELIB   182.000000       1   182.000000  
NOR22              c35_CORELIB    72.800003       6   436.800018  
NOR23              c35_CORELIB    91.000000      13  1183.000000  
NOR24              c35_CORELIB   109.199997      10  1091.999969  
OAI211             c35_CORELIB    72.800003       1    72.800003  
OAI212             c35_CORELIB    72.800003       8   582.400024  
-----------------------------------------------------------------------------
Total 18 references                                  6115.200020

****************************************
Design: sqroot_comb_NBITS32_DW_cmp_50 
****************************************
Reference          Library       Unit Area   Count    Total Area   Attributes
-----------------------------------------------------------------------------
AOI212             c35_CORELIB    91.000000       9   819.000000  
CLKIN3             c35_CORELIB    36.400002       1    36.400002  
CLKIN6             c35_CORELIB    54.599998       3   163.799995  
CLKIN12            c35_CORELIB    91.000000       1    91.000000  
INV0               c35_CORELIB    36.400002       4   145.600006  
INV1               c35_CORELIB    36.400002       2    72.800003  
INV2               c35_CORELIB    36.400002       2    72.800003  
INV3               c35_CORELIB    36.400002      17   618.800026  
INV4               c35_CORELIB    54.599998       1    54.599998  
INV6               c35_CORELIB    54.599998       7   382.199989  
INV8               c35_CORELIB    72.800003       1    72.800003  
INV10              c35_CORELIB    91.000000       1    91.000000  
NAND21             c35_CORELIB    54.599998       3   163.799995  
NAND22             c35_CORELIB    54.599998       8   436.799988  
NAND23             c35_CORELIB    91.000000       2   182.000000  
NAND24             c35_CORELIB   109.199997      10  1091.999969  
NAND26             c35_CORELIB   163.800003       2   327.600006  
NAND28             c35_CORELIB   182.000000       6  1092.000000  
NOR21              c35_CORELIB    54.599998       1    54.599998  
NOR22              c35_CORELIB    72.800003       1    72.800003  
NOR23              c35_CORELIB    91.000000       8   728.000000  
NOR24              c35_CORELIB   109.199997      16  1747.199951  
OAI212             c35_CORELIB    72.800003       6   436.800018  
-----------------------------------------------------------------------------
Total 23 references                                  8954.399956
1
