 
****************************************
Report : area
Design : sqroot_comb_NBITS8
Version: F-2011.09-SP5
Date   : Mon Nov 12 14:34:22 2012
****************************************

Library(s) Used:

    c35_CORELIB (File: /dkits/ams/hk370/synopsys/c35_3.3V/c35_CORELIB.db)

Number of ports:                           14
Number of nets:                           191
Number of cells:                          182
Number of combinational cells:            182
Number of sequential cells:                 0
Number of macros:                           0
Number of buf/inv:                         71
Number of references:                      54

Combinational area:       13959.400032
Noncombinational area:       0.000000
Net Interconnect area:    3321.000000  

Total cell area:          13959.400032
Total area:               17280.400032
1
