 
****************************************
Report : area
Design : sqroot_comb_NBITS16
Version: F-2011.09-SP5
Date   : Mon Nov 12 15:30:33 2012
****************************************

Library(s) Used:

    c35_CORELIB (File: /dkits/ams/hk370/synopsys/c35_3.3V/c35_CORELIB.db)

Number of ports:                           26
Number of nets:                           791
Number of cells:                          767
Number of combinational cells:            766
Number of sequential cells:                 0
Number of macros:                           0
Number of buf/inv:                        273
Number of references:                      86

Combinational area:       68086.200081
Noncombinational area:       0.000000
Net Interconnect area:    14778.000000 

Total cell area:          68086.200081
Total area:               82864.200081
1
