
#  elaborate design
puts "-i- Elaborate design"
-i- Elaborate design
elaborate ${ENTITY_NAME} -architecture ${ARCH_NAME}           -parameters "NBITS = ${NBITS}"           -library DEFAULT -update
Loading db file '/softs/synopsys/syn/2011.09/libraries/syn/gtech.db'
Loading db file '/softs/synopsys/syn/2011.09/libraries/syn/standard.sldb'
  Loading link library 'c35_CORELIB'
  Loading link library 'gtech'
Running PRESTO HDLC

Statistics for case statements in always block at line 60 in file
        './HDL/RTL/sqroot_seq_rtl.vhd'
===============================================
|           Line           |  full/ parallel  |
===============================================
|            63            |    auto/auto     |
===============================================

Statistics for case statements in always block at line 114 in file
        './HDL/RTL/sqroot_seq_rtl.vhd'
===============================================
|           Line           |  full/ parallel  |
===============================================
|           120            |    auto/auto     |
===============================================

Inferred memory devices in process
        in routine sqroot_seq_NBITS32 line 50 in file
                './HDL/RTL/sqroot_seq_rtl.vhd'.
===============================================================================
|    Register Name    |   Type    | Width | Bus | MB | AR | AS | SR | SS | ST |
===============================================================================
|    state_reg_reg    | Flip-flop |   3   |  Y  | N  | Y  | N  | N  | N  | N  |
===============================================================================

Inferred memory devices in process
        in routine sqroot_seq_NBITS32 line 94 in file
                './HDL/RTL/sqroot_seq_rtl.vhd'.
===============================================================================
|    Register Name    |   Type    | Width | Bus | MB | AR | AS | SR | SS | ST |
===============================================================================
|     res_reg_reg     | Flip-flop |  32   |  Y  | N  | Y  | N  | N  | N  | N  |
|    root_reg_reg     | Flip-flop |  32   |  Y  | N  | Y  | N  | N  | N  | N  |
|    delta_reg_reg    | Flip-flop |  32   |  Y  | N  | Y  | N  | N  | N  | N  |
===============================================================================
Presto compilation completed successfully.
Elaborated 1 design.
Current design is now 'sqroot_seq_NBITS32'.



 
****************************************
Report : area
Design : sqroot_seq_NBITS32
Version: F-2011.09-SP5
Date   : Tue Nov 20 13:37:09 2012
****************************************

Library(s) Used:

    c35_CORELIB (File: /dkits/ams/hk370/synopsys/c35_3.3V/c35_CORELIB.db)

Number of ports:                           54
Number of nets:                           670
Number of cells:                          436
Number of combinational cells:            332
Number of sequential cells:                97
Number of macros:                           0
Number of buf/inv:                         80
Number of references:                      51

Combinational area:       164073.000214
Noncombinational area:    30011.799408
Net Interconnect area:    42327.000000 

Total cell area:          194084.799622
Total area:               236411.799622
1
 
****************************************
Report : timing
        -path full
        -delay max
        -max_paths 1
Design : sqroot_seq_NBITS32
Version: F-2011.09-SP5
Date   : Tue Nov 20 13:37:09 2012
****************************************

Operating Conditions: nom_pvt   Library: c35_CORELIB
Wire Load Model Mode: enclosed

  Startpoint: state_reg_reg[0]
              (rising edge-triggered flip-flop clocked by clk)
  Endpoint: state_reg_reg[0]
            (rising edge-triggered flip-flop clocked by clk)
  Path Group: clk
  Path Type: max

  Des/Clust/Port     Wire Load Model       Library
  ------------------------------------------------
  sqroot_seq_NBITS32 10k                   c35_CORELIB
  sqroot_seq_NBITS32_DW01_add_5
                     10k                   c35_CORELIB
  sqroot_seq_NBITS32_DW_cmp_6
                     10k                   c35_CORELIB

  Point                                                   Incr       Path
  --------------------------------------------------------------------------
  clock clk (rise edge)                                   0.00       0.00
  clock network delay (ideal)                             0.00       0.00
  state_reg_reg[0]/C (DFC1)                               0.00       0.00 r
  state_reg_reg[0]/QN (DFC1)                              0.60       0.60 f
  U311/Q (BUF8)                                           0.25       0.86 f
  U395/Q (NAND28)                                         0.09       0.95 r
  U320/Q (CLKIN6)                                         0.08       1.02 f
  U321/Q (NAND23)                                         0.24       1.26 r
  U317/Q (CLKIN6)                                         0.10       1.37 f
  U318/Q (BUF12)                                          0.27       1.63 f
  U519/Q (AOI220)                                         0.36       1.99 r
  U480/Q (NAND22)                                         0.17       2.17 f
  add_111/A[1] (sqroot_seq_NBITS32_DW01_add_5)            0.00       2.17 f
  add_111/U602/Q (NOR22)                                  0.17       2.34 r
  add_111/U363/Q (CLKIN4)                                 0.08       2.42 f
  add_111/U598/Q (NAND20)                                 0.31       2.73 r
  add_111/U597/Q (XNR20)                                  0.60       3.33 f
  add_111/SUM[1] (sqroot_seq_NBITS32_DW01_add_5)          0.00       3.33 f
  lte_111/A[1] (sqroot_seq_NBITS32_DW_cmp_6)              0.00       3.33 f
  lte_111/U262/Q (CLKIN2)                                 0.18       3.51 r
  lte_111/U303/Q (NOR21)                                  0.17       3.68 f
  lte_111/U137/Q (OAI212)                                 0.20       3.88 r
  lte_111/U291/Q (AOI211)                                 0.18       4.06 f
  lte_111/U129/Q (OAI212)                                 0.20       4.26 r
  lte_111/U231/Q (AOI212)                                 0.13       4.39 f
  lte_111/U111/Q (OAI212)                                 0.19       4.57 r
  lte_111/U88/Q (AOI212)                                  0.13       4.70 f
  lte_111/U57/Q (OAI212)                                  0.19       4.89 r
  lte_111/U26/Q (AOI212)                                  0.13       5.01 f
  lte_111/U1/Q (OAI212)                                   0.19       5.20 r
  lte_111/GE_LT_GT_LE (sqroot_seq_NBITS32_DW_cmp_6)       0.00       5.20 r
  U518/Q (INV3)                                           0.06       5.26 f
  U344/Q (OAI212)                                         0.13       5.39 r
  U416/Q (AOI212)                                         0.10       5.50 f
  state_reg_reg[0]/D (DFC1)                               0.00       5.50 f
  data arrival time                                                  5.50

  clock clk (rise edge)                                   5.50       5.50
  clock network delay (ideal)                             0.00       5.50
  state_reg_reg[0]/C (DFC1)                               0.00       5.50 r
  library setup time                                      0.00       5.50
  data required time                                                 5.50
  --------------------------------------------------------------------------
  data required time                                                 5.50
  data arrival time                                                 -5.50
  --------------------------------------------------------------------------
  slack (MET)                                                        0.00


1
 
****************************************
Report : resources
Design : sqroot_seq_NBITS32
Version: F-2011.09-SP5
Date   : Tue Nov 20 13:37:09 2012
****************************************

Resource Sharing Report for design sqroot_seq_NBITS32 in file
        ./HDL/RTL/sqroot_seq_rtl.vhd

===============================================================================
|          |              |            | Contained     |                      |
| Resource | Module       | Parameters | Resources     | Contained Operations |
===============================================================================
| r337     | DW_cmp       | width=32   |               | lte_gte_109          |
| r339     | DW_cmp       | width=32   |               | lt_gt_110            |
| r341     | DW01_add     | width=32   |               | add_111              |
| r343     | DW_cmp       | width=32   |               | lte_111              |
| r349     | DW01_add     | width=32   |               | add_140              |
| r351     | DW01_inc     | width=32   |               | add_143              |
| r940     | DW01_sub     | width=32   |               | sub_1_root_sub_0_root_sub_139 |
| r942     | DW01_sub     | width=32   |               | sub_0_root_sub_0_root_sub_139 |
===============================================================================


Implementation Report
===============================================================================
|                    |                  | Current            | Set            |
| Cell               | Module           | Implementation     | Implementation |
===============================================================================
| sub_1_root_sub_0_root_sub_139         |                    |                |
|                    | DW01_sub         | pparch (area,speed)                 |
| add_140            | DW01_add         | pparch (area,speed)                 |
| add_111            | DW01_add         | pparch (area,speed)                 |
| lte_111            | DW_cmp           | pparch (area,speed)                 |
| sub_0_root_sub_0_root_sub_139         |                    |                |
|                    | DW01_sub         | pparch (area,speed)                 |
| lt_gt_110          | DW_cmp           | pparch (area,speed)                 |
| add_143            | DW01_inc         | pparch (area,speed)                 |
===============================================================================


No multiplexors to report
 
****************************************
Design : sqroot_seq_NBITS32_DW01_sub_7
****************************************

No resource sharing information to report.

No implementations to report

No multiplexors to report
 
****************************************
Design : sqroot_seq_NBITS32_DW01_add_6
****************************************

No resource sharing information to report.

No implementations to report

No multiplexors to report
 
****************************************
Design : sqroot_seq_NBITS32_DW01_add_5
****************************************

No resource sharing information to report.

No implementations to report

No multiplexors to report
 
****************************************
Design : sqroot_seq_NBITS32_DW_cmp_6
****************************************

No resource sharing information to report.

No implementations to report

No multiplexors to report
 
****************************************
Design : sqroot_seq_NBITS32_DW01_sub_5
****************************************

No resource sharing information to report.

No implementations to report

No multiplexors to report
 
****************************************
Design : sqroot_seq_NBITS32_DW_cmp_5
****************************************

No resource sharing information to report.

No implementations to report

No multiplexors to report
 
****************************************
Design : sqroot_seq_NBITS32_DW01_inc_1
****************************************

No resource sharing information to report.

No implementations to report

No multiplexors to report
1
 
****************************************
Report : reference
Design : sqroot_seq_NBITS32
Version: F-2011.09-SP5
Date   : Tue Nov 20 13:37:09 2012
****************************************

Attributes:
    b - black box (unknown)
   bo - allows boundary optimization
    d - dont_touch
   mo - map_only
    h - hierarchical
    n - noncombinational
    r - removable
    s - synthetic operator
    u - contains unmapped logic

Reference          Library       Unit Area   Count    Total Area   Attributes
-----------------------------------------------------------------------------
AOI212             c35_CORELIB    91.000000       1    91.000000  
AOI220             c35_CORELIB    91.000000      38  3458.000000  
AOI221             c35_CORELIB    91.000000      30  2730.000000  
AOI222             c35_CORELIB   109.199997      28  3057.599915  
BUF2               c35_CORELIB    54.599998      23  1255.799965  
BUF6               c35_CORELIB    72.800003       3   218.400009  
BUF8               c35_CORELIB    91.000000       1    91.000000  
BUF12              c35_CORELIB   109.199997       1   109.199997  
BUF15              c35_CORELIB   145.600006       1   145.600006  
CLKBU4             c35_CORELIB    72.800003       2   145.600006  
CLKBU15            c35_CORELIB   145.600006       5   728.000031  
CLKIN1             c35_CORELIB    36.400002       1    36.400002  
CLKIN3             c35_CORELIB    36.400002       8   291.200012  
CLKIN6             c35_CORELIB    54.599998       5   272.999992  
DFC1               c35_CORELIB   309.399994       9  2784.599945  n
DFC3               c35_CORELIB   309.399994      88 27227.199463  n
INV0               c35_CORELIB    36.400002       2    72.800003  
INV3               c35_CORELIB    36.400002      15   546.000023  
INV6               c35_CORELIB    54.599998       6   327.599991  
INV8               c35_CORELIB    72.800003       2   145.600006  
INV12              c35_CORELIB    91.000000       3   273.000000  
INV15              c35_CORELIB   109.199997       2   218.399994  
LOGIC0             c35_CORELIB    36.400002       1    36.400002  
LOGIC1             c35_CORELIB    36.400002       1    36.400002  
NAND20             c35_CORELIB    54.599998       1    54.599998  
NAND21             c35_CORELIB    54.599998       1    54.599998  
NAND22             c35_CORELIB    54.599998      27  1474.199959  
NAND23             c35_CORELIB    91.000000      12  1092.000000  
NAND24             c35_CORELIB   109.199997      26  2839.199921  
NAND26             c35_CORELIB   163.800003      16  2620.800049  
NAND28             c35_CORELIB   182.000000      16  2912.000000  
NAND30             c35_CORELIB    72.800003       1    72.800003  
NAND31             c35_CORELIB    72.800003       1    72.800003  
NAND32             c35_CORELIB   127.400002       1   127.400002  
NAND33             c35_CORELIB   127.400002       1   127.400002  
NAND34             c35_CORELIB   163.800003       1   163.800003  
NAND41             c35_CORELIB    91.000000       1    91.000000  
NOR20              c35_CORELIB    54.599998       1    54.599998  
NOR21              c35_CORELIB    54.599998       1    54.599998  
NOR24              c35_CORELIB   109.199997       1   109.199997  
NOR40              c35_CORELIB    72.800003       8   582.400024  
OAI212             c35_CORELIB    72.800003       6   436.800018  
OAI222             c35_CORELIB    91.000000      30  2730.000000  
OAI311             c35_CORELIB    91.000000       1    91.000000  
sqroot_seq_NBITS32_DW01_add_5 26189.800011       1  26189.800011  h
sqroot_seq_NBITS32_DW01_add_6 23059.400024       1  23059.400024  h
sqroot_seq_NBITS32_DW01_inc_1 10355.799980       1  10355.799980  h
sqroot_seq_NBITS32_DW01_sub_5 24843.000046       1  24843.000046  h
sqroot_seq_NBITS32_DW01_sub_7 28082.600082       1  28082.600082  h
sqroot_seq_NBITS32_DW_cmp_5   10155.600098       1  10155.600098  h
sqroot_seq_NBITS32_DW_cmp_6   11338.600044       1  11338.600044  h
-----------------------------------------------------------------------------
Total 51 references                                 194084.799622

****************************************
Design: sqroot_seq_NBITS32_DW01_add_5 
****************************************
Reference          Library       Unit Area   Count    Total Area   Attributes
-----------------------------------------------------------------------------
AOI210             c35_CORELIB    72.800003       5   364.000015  
AOI211             c35_CORELIB    72.800003       4   291.200012  
AOI212             c35_CORELIB    91.000000      18  1638.000000  
BUF15              c35_CORELIB   145.600006       1   145.600006  
CLKIN0             c35_CORELIB    36.400002       3   109.200005  
CLKIN1             c35_CORELIB    36.400002       1    36.400002  
CLKIN2             c35_CORELIB    36.400002       1    36.400002  
CLKIN3             c35_CORELIB    36.400002       6   218.400009  
CLKIN4             c35_CORELIB    54.599998       1    54.599998  
CLKIN6             c35_CORELIB    54.599998      11   600.599983  
CLKIN8             c35_CORELIB    72.800003       1    72.800003  
INV0               c35_CORELIB    36.400002      11   400.400017  
INV1               c35_CORELIB    36.400002       7   254.800011  
INV2               c35_CORELIB    36.400002      12   436.800018  
INV3               c35_CORELIB    36.400002      39  1419.600060  
INV4               c35_CORELIB    54.599998       1    54.599998  
INV6               c35_CORELIB    54.599998       6   327.599991  
INV15              c35_CORELIB   109.199997       1   109.199997  
LOGIC0             c35_CORELIB    36.400002       1    36.400002  
NAND20             c35_CORELIB    54.599998      20  1091.999969  
NAND21             c35_CORELIB    54.599998       9   491.399986  
NAND22             c35_CORELIB    54.599998      45  2456.999931  
NAND23             c35_CORELIB    91.000000       9   819.000000  
NAND24             c35_CORELIB   109.199997      15  1637.999954  
NAND26             c35_CORELIB   163.800003      11  1801.800034  
NAND28             c35_CORELIB   182.000000       4   728.000000  
NOR20              c35_CORELIB    54.599998       1    54.599998  
NOR21              c35_CORELIB    54.599998       2   109.199997  
NOR22              c35_CORELIB    72.800003      11   800.800034  
NOR23              c35_CORELIB    91.000000      15  1365.000000  
NOR24              c35_CORELIB   109.199997      21  2293.199936  
OAI210             c35_CORELIB    72.800003       1    72.800003  
OAI211             c35_CORELIB    72.800003       5   364.000015  
OAI212             c35_CORELIB    72.800003      26  1892.800079  
XNR20              c35_CORELIB   109.199997       1   109.199997  
XNR21              c35_CORELIB   109.199997       9   982.799973  
XNR22              c35_CORELIB   200.199997       5  1000.999985  
XOR21              c35_CORELIB   127.400002       4   509.600006  
XOR22              c35_CORELIB   200.199997       4   800.799988  
XOR31              c35_CORELIB   200.199997       1   200.199997  
-----------------------------------------------------------------------------
Total 40 references                                 26189.800011

****************************************
Design: sqroot_seq_NBITS32_DW01_add_6 
****************************************
Reference          Library       Unit Area   Count    Total Area   Attributes
-----------------------------------------------------------------------------
AOI210             c35_CORELIB    72.800003       5   364.000015  
AOI211             c35_CORELIB    72.800003       7   509.600021  
AOI212             c35_CORELIB    91.000000      11  1001.000000  
BUF2               c35_CORELIB    54.599998       6   327.599991  
CLKBU15            c35_CORELIB   145.600006       1   145.600006  
CLKIN0             c35_CORELIB    36.400002       8   291.200012  
CLKIN1             c35_CORELIB    36.400002       1    36.400002  
CLKIN2             c35_CORELIB    36.400002       1    36.400002  
CLKIN3             c35_CORELIB    36.400002       4   145.600006  
CLKIN4             c35_CORELIB    54.599998       1    54.599998  
CLKIN6             c35_CORELIB    54.599998       4   218.399994  
CLKIN8             c35_CORELIB    72.800003       1    72.800003  
INV0               c35_CORELIB    36.400002      15   546.000023  
INV1               c35_CORELIB    36.400002       1    36.400002  
INV2               c35_CORELIB    36.400002       6   218.400009  
INV3               c35_CORELIB    36.400002      30  1092.000046  
INV6               c35_CORELIB    54.599998       2   109.199997  
LOGIC0             c35_CORELIB    36.400002       1    36.400002  
NAND20             c35_CORELIB    54.599998      15   818.999977  
NAND21             c35_CORELIB    54.599998      25  1364.999962  
NAND22             c35_CORELIB    54.599998      36  1965.599945  
NAND23             c35_CORELIB    91.000000       3   273.000000  
NAND24             c35_CORELIB   109.199997       6   655.199982  
NOR20              c35_CORELIB    54.599998       3   163.799995  
NOR21              c35_CORELIB    54.599998      10   545.999985  
NOR22              c35_CORELIB    72.800003      12   873.600037  
NOR23              c35_CORELIB    91.000000      17  1547.000000  
NOR24              c35_CORELIB   109.199997      12  1310.399963  
OAI210             c35_CORELIB    72.800003       2   145.600006  
OAI211             c35_CORELIB    72.800003       9   655.200027  
OAI212             c35_CORELIB    72.800003      31  2256.800095  
XNR21              c35_CORELIB   109.199997       6   655.199982  
XNR22              c35_CORELIB   200.199997      18  3603.599945  
XOR20              c35_CORELIB   127.400002       1   127.400002  
XOR21              c35_CORELIB   127.400002       2   254.800003  
XOR22              c35_CORELIB   200.199997       3   600.599991  
-----------------------------------------------------------------------------
Total 36 references                                 23059.400024

****************************************
Design: sqroot_seq_NBITS32_DW01_inc_1 
****************************************
Reference          Library       Unit Area   Count    Total Area   Attributes
-----------------------------------------------------------------------------
CLKIN0             c35_CORELIB    36.400002      11   400.400017  
CLKIN6             c35_CORELIB    54.599998       3   163.799995  
INV0               c35_CORELIB    36.400002      16   582.400024  
INV1               c35_CORELIB    36.400002       2    72.800003  
INV3               c35_CORELIB    36.400002      11   400.400017  
INV6               c35_CORELIB    54.599998       2   109.199997  
INV8               c35_CORELIB    72.800003       1    72.800003  
NAND20             c35_CORELIB    54.599998       9   491.399986  
NAND21             c35_CORELIB    54.599998       7   382.199989  
NAND22             c35_CORELIB    54.599998      26  1419.599960  
NAND23             c35_CORELIB    91.000000       3   273.000000  
NAND24             c35_CORELIB   109.199997       2   218.399994  
NAND28             c35_CORELIB   182.000000       1   182.000000  
NOR20              c35_CORELIB    54.599998       8   436.799988  
NOR21              c35_CORELIB    54.599998      12   655.199982  
NOR22              c35_CORELIB    72.800003       2   145.600006  
NOR23              c35_CORELIB    91.000000       3   273.000000  
NOR24              c35_CORELIB   109.199997       2   218.399994  
XNR21              c35_CORELIB   109.199997       5   545.999985  
XOR20              c35_CORELIB   127.400002       8  1019.200012  
XOR21              c35_CORELIB   127.400002      18  2293.200027  
-----------------------------------------------------------------------------
Total 21 references                                 10355.799980

****************************************
Design: sqroot_seq_NBITS32_DW01_sub_5 
****************************************
Reference          Library       Unit Area   Count    Total Area   Attributes
-----------------------------------------------------------------------------
AOI210             c35_CORELIB    72.800003       3   218.400009  
AOI211             c35_CORELIB    72.800003       7   509.600021  
AOI212             c35_CORELIB    91.000000      14  1274.000000  
AOI312             c35_CORELIB   109.199997       1   109.199997  
BUF2               c35_CORELIB    54.599998       4   218.399994  
BUF15              c35_CORELIB   145.600006       1   145.600006  
CLKIN0             c35_CORELIB    36.400002      17   618.800026  
CLKIN1             c35_CORELIB    36.400002       2    72.800003  
CLKIN2             c35_CORELIB    36.400002       1    36.400002  
CLKIN3             c35_CORELIB    36.400002       5   182.000008  
CLKIN6             c35_CORELIB    54.599998       3   163.799995  
CLKIN12            c35_CORELIB    91.000000       1    91.000000  
INV0               c35_CORELIB    36.400002      34  1237.600052  
INV1               c35_CORELIB    36.400002       8   291.200012  
INV2               c35_CORELIB    36.400002       7   254.800011  
INV3               c35_CORELIB    36.400002      21   764.400032  
INV4               c35_CORELIB    54.599998       2   109.199997  
INV6               c35_CORELIB    54.599998       6   327.599991  
INV15              c35_CORELIB   109.199997       1   109.199997  
NAND20             c35_CORELIB    54.599998      13   709.799980  
NAND21             c35_CORELIB    54.599998      20  1091.999969  
NAND22             c35_CORELIB    54.599998      37  2020.199944  
NAND23             c35_CORELIB    91.000000       5   455.000000  
NAND24             c35_CORELIB   109.199997      10  1091.999969  
NAND26             c35_CORELIB   163.800003       4   655.200012  
NAND28             c35_CORELIB   182.000000       1   182.000000  
NOR20              c35_CORELIB    54.599998       1    54.599998  
NOR21              c35_CORELIB    54.599998       6   327.599991  
NOR22              c35_CORELIB    72.800003      11   800.800034  
NOR23              c35_CORELIB    91.000000      15  1365.000000  
NOR24              c35_CORELIB   109.199997      14  1528.799957  
OAI210             c35_CORELIB    72.800003       1    72.800003  
OAI211             c35_CORELIB    72.800003       5   364.000015  
OAI212             c35_CORELIB    72.800003      28  2038.400085  
XNR20              c35_CORELIB   109.199997       1   109.199997  
XNR21              c35_CORELIB   109.199997       5   545.999985  
XNR22              c35_CORELIB   200.199997      16  3203.199951  
XOR20              c35_CORELIB   127.400002       3   382.200005  
XOR21              c35_CORELIB   127.400002       4   509.600006  
XOR22              c35_CORELIB   200.199997       3   600.599991  
-----------------------------------------------------------------------------
Total 40 references                                 24843.000046

****************************************
Design: sqroot_seq_NBITS32_DW01_sub_7 
****************************************
Reference          Library       Unit Area   Count    Total Area   Attributes
-----------------------------------------------------------------------------
AOI210             c35_CORELIB    72.800003       6   436.800018  
AOI211             c35_CORELIB    72.800003       9   655.200027  
AOI212             c35_CORELIB    91.000000      10   910.000000  
BUF2               c35_CORELIB    54.599998       2   109.199997  
BUF12              c35_CORELIB   109.199997       1   109.199997  
CLKBU12            c35_CORELIB   109.199997       1   109.199997  
CLKBU15            c35_CORELIB   145.600006       2   291.200012  
CLKIN0             c35_CORELIB    36.400002       6   218.400009  
CLKIN1             c35_CORELIB    36.400002       2    72.800003  
CLKIN2             c35_CORELIB    36.400002       2    72.800003  
CLKIN3             c35_CORELIB    36.400002      10   364.000015  
CLKIN4             c35_CORELIB    54.599998       2   109.199997  
CLKIN6             c35_CORELIB    54.599998      15   818.999977  
CLKIN8             c35_CORELIB    72.800003       2   145.600006  
CLKIN10            c35_CORELIB    91.000000       1    91.000000  
INV0               c35_CORELIB    36.400002      14   509.600021  
INV1               c35_CORELIB    36.400002       7   254.800011  
INV2               c35_CORELIB    36.400002      12   436.800018  
INV3               c35_CORELIB    36.400002      44  1601.600067  
INV4               c35_CORELIB    54.599998       3   163.799995  
INV6               c35_CORELIB    54.599998       4   218.399994  
INV12              c35_CORELIB    91.000000       1    91.000000  
LOGIC1             c35_CORELIB    36.400002       1    36.400002  
NAND20             c35_CORELIB    54.599998      14   764.399979  
NAND21             c35_CORELIB    54.599998      17   928.199974  
NAND22             c35_CORELIB    54.599998      49  2675.399925  
NAND23             c35_CORELIB    91.000000      10   910.000000  
NAND24             c35_CORELIB   109.199997      18  1965.599945  
NAND26             c35_CORELIB   163.800003       8  1310.400024  
NAND28             c35_CORELIB   182.000000       3   546.000000  
NOR20              c35_CORELIB    54.599998       1    54.599998  
NOR21              c35_CORELIB    54.599998       9   491.399986  
NOR22              c35_CORELIB    72.800003      16  1164.800049  
NOR23              c35_CORELIB    91.000000      10   910.000000  
NOR24              c35_CORELIB   109.199997      16  1747.199951  
OAI211             c35_CORELIB    72.800003       5   364.000015  
OAI212             c35_CORELIB    72.800003      37  2693.600113  
XNR20              c35_CORELIB   109.199997       1   109.199997  
XNR21              c35_CORELIB   109.199997       1   109.199997  
XNR22              c35_CORELIB   200.199997      14  2802.799957  
XOR21              c35_CORELIB   127.400002       4   509.600006  
XOR22              c35_CORELIB   200.199997       1   200.199997  
-----------------------------------------------------------------------------
Total 42 references                                 28082.600082

****************************************
Design: sqroot_seq_NBITS32_DW_cmp_5 
****************************************
Reference          Library       Unit Area   Count    Total Area   Attributes
-----------------------------------------------------------------------------
AOI211             c35_CORELIB    72.800003       5   364.000015  
AOI212             c35_CORELIB    91.000000      11  1001.000000  
CLKIN0             c35_CORELIB    36.400002       6   218.400009  
CLKIN2             c35_CORELIB    36.400002       1    36.400002  
CLKIN3             c35_CORELIB    36.400002       7   254.800011  
CLKIN6             c35_CORELIB    54.599998       1    54.599998  
INV0               c35_CORELIB    36.400002      18   655.200027  
INV2               c35_CORELIB    36.400002      10   364.000015  
INV3               c35_CORELIB    36.400002      23   837.200035  
INV6               c35_CORELIB    54.599998       1    54.599998  
NAND20             c35_CORELIB    54.599998       8   436.799988  
NAND21             c35_CORELIB    54.599998      10   545.999985  
NAND22             c35_CORELIB    54.599998      23  1255.799965  
NAND23             c35_CORELIB    91.000000       2   182.000000  
NOR20              c35_CORELIB    54.599998       2   109.199997  
NOR21              c35_CORELIB    54.599998      18   982.799973  
NOR22              c35_CORELIB    72.800003      14  1019.200043  
NOR23              c35_CORELIB    91.000000       4   364.000000  
NOR24              c35_CORELIB   109.199997       3   327.599991  
OAI211             c35_CORELIB    72.800003       1    72.800003  
OAI212             c35_CORELIB    72.800003      14  1019.200043  
-----------------------------------------------------------------------------
Total 21 references                                 10155.600098

****************************************
Design: sqroot_seq_NBITS32_DW_cmp_6 
****************************************
Reference          Library       Unit Area   Count    Total Area   Attributes
-----------------------------------------------------------------------------
AOI211             c35_CORELIB    72.800003       3   218.400009  
AOI212             c35_CORELIB    91.000000      11  1001.000000  
CLKIN2             c35_CORELIB    36.400002       4   145.600006  
CLKIN3             c35_CORELIB    36.400002      25   910.000038  
CLKIN4             c35_CORELIB    54.599998       1    54.599998  
CLKIN6             c35_CORELIB    54.599998       9   491.399986  
CLKIN12            c35_CORELIB    91.000000       2   182.000000  
INV2               c35_CORELIB    36.400002       1    36.400002  
INV3               c35_CORELIB    36.400002      13   473.200020  
INV6               c35_CORELIB    54.599998       2   109.199997  
INV8               c35_CORELIB    72.800003       1    72.800003  
NAND20             c35_CORELIB    54.599998       4   218.399994  
NAND21             c35_CORELIB    54.599998      19  1037.399971  
NAND22             c35_CORELIB    54.599998      11   600.599983  
NAND23             c35_CORELIB    91.000000       5   455.000000  
NAND24             c35_CORELIB   109.199997       3   327.599991  
NOR20              c35_CORELIB    54.599998       1    54.599998  
NOR21              c35_CORELIB    54.599998      13   709.799980  
NOR22              c35_CORELIB    72.800003      13   946.400040  
NOR23              c35_CORELIB    91.000000      13  1183.000000  
NOR24              c35_CORELIB   109.199997       8   873.599976  
OAI212             c35_CORELIB    72.800003      17  1237.600052  
-----------------------------------------------------------------------------
Total 22 references                                 11338.600044
1
